2024-03-27T22:33:16+00:00 [ERROR] : Tabela: cliente Erro: Tabela não encontrada
2024-03-27T22:33:16+00:00 [ERROR] : Tabela: cliente Erro: SQLSTATE[42S22]: Column not found: 1054 Unknown column 'id_empresa' in 'field list'
2024-03-27T22:36:12+00:00 [ERROR] : Tabela: cliente Erro: Tabela não encontrada
2024-04-18T00:01:30+00:00 [ERROR] : Tabela: empresa Erro: SQLSTATE[23000]: Integrity constraint violation: 1062 Duplicate entry '61934963003' for key 'empresa.cnpj'
2024-04-18T00:07:08+00:00 [ERROR] : Tabela: empresa Erro: SQLSTATE[23000]: Integrity constraint violation: 1062 Duplicate entry '71130113060' for key 'empresa.cnpj'
2024-04-18T00:08:56+00:00 [ERROR] : Erro: Tabela não encontrada
2024-04-18T00:16:30+00:00 [ERROR] : Erro: Tabela não encontrada
2024-04-18T00:17:09+00:00 [ERROR] : Tabela: empresa Erro: SQLSTATE[23000]: Integrity constraint violation: 1062 Duplicate entry '71130113060' for key 'empresa.cnpj'
2024-04-19T21:48:19+00:00 [ERROR] : Erro: Tabela não encontrada
2024-04-19T21:48:19+00:00 [ERROR] : Erro: Tabela não encontrada
2024-04-19T21:53:28+00:00 [ERROR] : Tabela: empresa Erro: SQLSTATE[23000]: Integrity constraint violation: 1062 Duplicate entry '61934963003' for key 'empresa.cnpj'
2024-04-19T22:04:08+00:00 [ERROR] : Tabela: empresa Erro: SQLSTATE[23000]: Integrity constraint violation: 1062 Duplicate entry '61934963003' for key 'empresa.cnpj'
2024-04-19T22:04:50+00:00 [ERROR] : Erro: Tabela não encontrada
2024-04-19T22:04:50+00:00 [ERROR] : Erro: Tabela não encontrada
2024-04-19T22:15:57+00:00 [ERROR] : Erro: Tabela não encontrada
2024-04-19T22:15:57+00:00 [ERROR] : Erro: Tabela não encontrada
2024-04-19T22:15:57+00:00 [ERROR] : Erro: Tabela não encontrada
2024-04-19T22:20:43+00:00 [ERROR] : Erro: Tabela não encontrada
2024-04-19T22:20:43+00:00 [ERROR] : Tabela: agenda_funcionario Erro: SQLSTATE[23000]: Integrity constraint violation: 1452 Cannot add or update a child row: a foreign key constraint fails (`agenda`.`agenda_funcionario`, CONSTRAINT `fk_agenda_funcionario_funcionario` FOREIGN KEY (`id_funcionario`) REFERENCES `funcionario` (`id`))
2024-04-19T22:20:49+00:00 [ERROR] : Tabela: agenda_funcionario Erro: SQLSTATE[23000]: Integrity constraint violation: 1452 Cannot add or update a child row: a foreign key constraint fails (`agenda`.`agenda_funcionario`, CONSTRAINT `fk_agenda_funcionario_funcionario` FOREIGN KEY (`id_funcionario`) REFERENCES `funcionario` (`id`))
2024-04-22T22:56:38+00:00 [ERROR] : Tabela: funcionario Erro: SQLSTATE[42S22]: Column not found: 1054 Unknown column 'usuario.id' in 'on clause'
2024-04-22T23:56:37+00:00 [ERROR] : Tabela: usuario Erro: SQLSTATE[23000]: Integrity constraint violation: 1062 Duplicate entry 'diogo.dg691@gmail.comrr' for key 'usuario.email'
2024-04-22T23:57:56+00:00 [ERROR] : Erro: Tabela não encontrada
2024-04-23T00:01:08+00:00 [ERROR] : Tabela: funcionario Erro: SQLSTATE[42S22]: Column not found: 1054 Unknown column 'usuario.id' in 'on clause'
2024-04-23T00:05:16+00:00 [ERROR] : Tabela: funcionario Erro: SQLSTATE[42S22]: Column not found: 1054 Unknown column 'funcionario.id_funcionario' in 'on clause'
2024-04-29T21:54:22+00:00 [ERROR] : Erro: Tabela não encontrada
2024-04-29T21:54:22+00:00 [ERROR] : Tabela: grupo_servico Erro: SQLSTATE[23000]: Integrity constraint violation: 1048 Column 'id_empresa' cannot be null
2024-04-29T21:54:30+00:00 [ERROR] : Erro: Tabela não encontrada
2024-04-29T21:54:30+00:00 [ERROR] : Tabela: grupo_servico Erro: SQLSTATE[23000]: Integrity constraint violation: 1048 Column 'id_empresa' cannot be null
2024-04-29T22:00:06+00:00 [ERROR] : Erro: Tabela não encontrada
2024-04-29T22:00:06+00:00 [ERROR] : Tabela: grupo_servico Erro: SQLSTATE[23000]: Integrity constraint violation: 1048 Column 'id_empresa' cannot be null
2024-04-29T22:10:32+00:00 [ERROR] : Erro: Tabela não encontrada
2024-04-29T22:10:32+00:00 [ERROR] : Tabela: grupo_servico Erro: SQLSTATE[23000]: Integrity constraint violation: 1048 Column 'id_empresa' cannot be null
2024-04-29T22:17:56+00:00 [ERROR] : Erro: Tabela não encontrada
2024-04-29T22:17:56+00:00 [ERROR] : Tabela: grupo_servico Erro: SQLSTATE[23000]: Integrity constraint violation: 1048 Column 'id_empresa' cannot be null
2024-04-29T22:18:46+00:00 [ERROR] : Erro: Tabela não encontrada
2024-04-29T22:35:53+00:00 [ERROR] : Erro: Tabela não encontrada
2024-04-29T23:54:30+00:00 [ERROR] : Erro: Tabela não encontrada
2024-04-29T23:57:32+00:00 [ERROR] : Tabela: agenda_usuario Erro: SQLSTATE[42000]: Syntax error or access violation: 1066 Not unique table/alias: 'agenda_usuario'
2024-04-30T00:07:04+00:00 [ERROR] : Tabela: agenda_usuario Erro: SQLSTATE[42000]: Syntax error or access violation: 1066 Not unique table/alias: 'agenda_usuario'
2024-04-30T00:09:02+00:00 [ERROR] : Tabela: agenda_usuario Erro: SQLSTATE[42000]: Syntax error or access violation: 1066 Not unique table/alias: 'agenda_usuario'
2024-04-30T00:09:02+00:00 [ERROR] : Tabela: servico Erro: SQLSTATE[23000]: Integrity constraint violation: 1048 Column 'nome' cannot be null
2024-04-30T00:09:06+00:00 [ERROR] : Tabela: agenda_usuario Erro: SQLSTATE[42000]: Syntax error or access violation: 1066 Not unique table/alias: 'agenda_usuario'
2024-04-30T00:09:06+00:00 [ERROR] : Tabela: servico Erro: SQLSTATE[23000]: Integrity constraint violation: 1048 Column 'nome' cannot be null
2024-04-30T00:12:52+00:00 [ERROR] : Tabela: agenda_usuario Erro: SQLSTATE[42000]: Syntax error or access violation: 1066 Not unique table/alias: 'agenda_usuario'
2024-04-30T00:39:02+00:00 [ERROR] : Tabela: servico Erro: SQLSTATE[42S22]: Column not found: 1054 Unknown column 'funcionario.id' in 'on clause'
2024-05-10T22:30:47+00:00 [ERROR] : Erro: Tabela não encontrada
2024-05-10T22:30:47+00:00 [ERROR] : Tabela: cliente Erro: SQLSTATE[42S22]: Column not found: 1054 Unknown column 'id_empresa' in 'field list'
2024-05-10T22:39:44+00:00 [ERROR] : Erro: Tabela não encontrada
2024-05-10T22:39:44+00:00 [ERROR] : Tabela: cliente Erro: SQLSTATE[42S22]: Column not found: 1054 Unknown column 'id_empresa' in 'field list'
2024-05-10T22:40:02+00:00 [ERROR] : Erro: Tabela não encontrada
2024-05-10T22:40:02+00:00 [ERROR] : Tabela: cliente Erro: SQLSTATE[42S22]: Column not found: 1054 Unknown column 'id_empresa' in 'field list'
2024-05-10T22:44:55+00:00 [ERROR] : Erro: Tabela não encontrada
2024-05-10T22:44:56+00:00 [ERROR] : Erro: Tabela não encontrada
2024-05-10T22:44:56+00:00 [ERROR] : Erro: Tabela não encontrada
2024-05-11T00:25:49+00:00 [ERROR] : Tabela: agendamento Erro: SQLSTATE[23000]: Integrity constraint violation: 1048 Column 'total' cannot be null
2024-05-11T00:28:00+00:00 [ERROR] : Tabela: agendamento Erro: SQLSTATE[23000]: Integrity constraint violation: 1048 Column 'total' cannot be null
2024-05-18T20:22:36+00:00 [ERROR] : SQLSTATE[HY000] [2019] Unknown character set
2024-05-18T20:25:08+00:00 [ERROR] : SQLSTATE[HY000] [2019] Unknown character set
2024-05-18T20:41:53+00:00 [ERROR] : Tabela: agenda_usuario Erro: SQLSTATE[42000]: Syntax error or access violation: 1064 You have an error in your SQL syntax; check the manual that corresponds to your MySQL server version for the right syntax to use near '1 '='' at line 1
2024-05-18T20:58:26+00:00 [ERROR] : Tabela: agenda Erro: SQLSTATE[HY093]: Invalid parameter number: number of bound variables does not match number of tokens
2024-05-18T20:58:31+00:00 [ERROR] : Tabela: agenda Erro: SQLSTATE[HY093]: Invalid parameter number: number of bound variables does not match number of tokens
2024-05-18T20:58:39+00:00 [ERROR] : Tabela: agenda Erro: SQLSTATE[HY093]: Invalid parameter number: number of bound variables does not match number of tokens
2024-05-18T20:58:50+00:00 [ERROR] : Tabela: agenda Erro: SQLSTATE[HY093]: Invalid parameter number: number of bound variables does not match number of tokens
2024-05-18T20:59:01+00:00 [ERROR] : Tabela: agenda Erro: SQLSTATE[23000]: Integrity constraint violation: 1452 Cannot add or update a child row: a foreign key constraint fails (`agenda`.`agenda`, CONSTRAINT `fk_agenda_empresa` FOREIGN KEY (`id_empresa`) REFERENCES `empresa` (`id`))
2024-05-18T21:02:21+00:00 [ERROR] : Tabela: agenda Erro: SQLSTATE[HY093]: Invalid parameter number: number of bound variables does not match number of tokens
2024-05-18T21:14:42+00:00 [ERROR] : Tabela: agenda Erro: SQLSTATE[HY093]: Invalid parameter number: number of bound variables does not match number of tokens
2024-05-18T21:14:46+00:00 [ERROR] : Tabela: agenda Erro: SQLSTATE[HY093]: Invalid parameter number: number of bound variables does not match number of tokens
2024-05-18T21:17:08+00:00 [ERROR] : Tabela: agenda Erro: SQLSTATE[HY093]: Invalid parameter number: number of bound variables does not match number of tokens
2024-05-18T21:17:14+00:00 [ERROR] : Tabela: agenda Erro: SQLSTATE[HY093]: Invalid parameter number: number of bound variables does not match number of tokens
2024-05-18T21:18:53+00:00 [ERROR] : Tabela: agenda Erro: SQLSTATE[HY093]: Invalid parameter number: number of bound variables does not match number of tokens
2024-05-18T21:20:34+00:00 [ERROR] : Tabela: agenda Erro: SQLSTATE[HY093]: Invalid parameter number: number of bound variables does not match number of tokens
2024-05-18T21:47:25+00:00 [ERROR] : Tabela: agenda_usuario Erro: SQLSTATE[HY093]: Invalid parameter number: number of bound variables does not match number of tokens
2024-05-18T21:47:25+00:00 [ERROR] : Tabela: agenda_usuario Erro: SQLSTATE[23000]: Integrity constraint violation: 1062 Duplicate entry '1-1' for key 'agenda_usuario.PRIMARY'
2024-05-18T21:50:50+00:00 [ERROR] : Tabela: agenda_usuario Erro: SQLSTATE[HY093]: Invalid parameter number: number of bound variables does not match number of tokens
2024-05-18T21:50:50+00:00 [ERROR] : Tabela: agenda_usuario Erro: SQLSTATE[23000]: Integrity constraint violation: 1062 Duplicate entry '1-1' for key 'agenda_usuario.PRIMARY'
2024-05-18T21:52:27+00:00 [ERROR] : Tabela: agenda_usuario Erro: SQLSTATE[HY093]: Invalid parameter number: number of bound variables does not match number of tokens
2024-05-18T21:52:27+00:00 [ERROR] : Tabela: agenda_usuario Erro: SQLSTATE[23000]: Integrity constraint violation: 1062 Duplicate entry '1-1' for key 'agenda_usuario.PRIMARY'
2024-05-18T21:54:21+00:00 [ERROR] : Tabela: agenda_usuario Erro: SQLSTATE[HY093]: Invalid parameter number: number of bound variables does not match number of tokens
2024-05-18T21:54:21+00:00 [ERROR] : Tabela: agenda_usuario Erro: SQLSTATE[23000]: Integrity constraint violation: 1062 Duplicate entry '1-1' for key 'agenda_usuario.PRIMARY'
2024-05-18T21:55:50+00:00 [ERROR] : Tabela: agenda_usuario Erro: SQLSTATE[HY093]: Invalid parameter number: number of bound variables does not match number of tokens
2024-05-18T21:55:50+00:00 [ERROR] : Tabela: agenda_usuario Erro: SQLSTATE[23000]: Integrity constraint violation: 1062 Duplicate entry '1-1' for key 'agenda_usuario.PRIMARY'
2024-05-18T21:56:02+00:00 [ERROR] : Tabela: agenda_usuario Erro: SQLSTATE[HY093]: Invalid parameter number: number of bound variables does not match number of tokens
